<?xml version="1.0" encoding="UTF-8"?>
<testsuite name="com.immersive.transactions.TransactionTests" tests="8" skipped="0" failures="0" errors="0" timestamp="2022-11-01T00:42:57" hostname="DANIEL-LAPTOP" time="0.173">
  <properties/>
  <testcase name="testDeletionOverridesChangedOrCreatedObjectsInCommitAlsoPull()" classname="com.immersive.transactions.TransactionTests" time="0.016"/>
  <testcase name="testPullingAChangeAndSubsequentCreation()" classname="com.immersive.transactions.TransactionTests" time="0.002"/>
  <testcase name="testPullingSeveralCommitsAtOnceAndCleanup()" classname="com.immersive.transactions.TransactionTests" time="0.013"/>
  <testcase name="testDataModelDeepCopy()" classname="com.immersive.transactions.TransactionTests" time="0.01"/>
  <testcase name="testLOTCreation()" classname="com.immersive.transactions.TransactionTests" time="0.001"/>
  <testcase name="testPullingAChange()" classname="com.immersive.transactions.TransactionTests" time="0.091"/>
  <testcase name="testPullingDeletions()" classname="com.immersive.transactions.TransactionTests" time="0.007"/>
  <testcase name="testPullingCreations()" classname="com.immersive.transactions.TransactionTests" time="0.006"/>
  <system-out><![CDATA[Note marked as 'changed' by altering pitch
NoteGroup got deleted
NoteGroup got deleted
NoteGroup marked as 'changed' by altering clearingInProgress
Note got deleted
Note got deleted
NoteGroup got created
Note got created
Note got created
Note got deleted
Note got deleted
pulling...
NoteGroup marked as 'changed' by altering stemUp
Note got created
pulling...
Note marked as 'changed' by altering pitch
NoteGroup got deleted
NoteGroup got deleted
NoteGroup marked as 'changed' by altering clearingInProgress
Note got deleted
Note got deleted
Note marked as 'changed' by altering clearingInProgress
pulling...
NoteGroup got created
Note got created
Note got created
Note got deleted
Note got deleted
Note marked as 'changed' by altering clearingInProgress
pulling...
FullScore marked as 'changed' by altering name
Note marked as 'changed' by altering pitch
pulling...
NoteGroup got deleted
NoteGroup got deleted
NoteGroup marked as 'changed' by altering clearingInProgress
Note got deleted
Note got deleted
Note marked as 'changed' by altering clearingInProgress
pulling...
NoteGroup got created
Note got created
Note got created
pulling...
]]></system-out>
  <system-err><![CDATA[]]></system-err>
</testsuite>
